2024-07-04 11:29:32.489 [main] INFO  api.pettests.PetTest - ***adding a pet***********
2024-07-04 11:29:36.552 [main] INFO  api.pettests.PetTest - ***getting a pet by ID***********
2024-07-04 11:29:37.749 [main] INFO  api.pettests.PetTest - ***getting pets by status***********
2024-07-04 11:29:39.186 [main] INFO  api.pettests.PetTest - ***deleting a pet***********
2024-07-04 11:29:40.552 [main] INFO  api.pettests.PetTest - ***updating a pet with form data***********
2024-07-04 11:29:42.094 [main] INFO  api.pettests.PetTest - ***updating a pet image***********
2024-07-04 11:30:15.651 [main] INFO  api.pettests.PetTest - ***updating a pet***********
2024-07-04 11:30:17.245 [main] INFO  api.pettests.PetTest2 - *****Adding a new pet with properties*******
2024-07-04 11:30:18.619 [main] INFO  api.pettests.PetTest2 - *****getting a pet by id with properties*******
2024-07-04 11:30:19.894 [main] INFO  api.pettests.PetTest2 - *****getting a pet with status with properties*******
2024-07-04 11:30:21.381 [main] INFO  api.pettests.PetTest2 - *****deleting a new pet with properties*******
2024-07-04 11:30:22.552 [main] INFO  api.pettests.PetTest2 - *****updating a pet with form data with properties*******
2024-07-04 11:30:23.904 [main] INFO  api.pettests.PetTest2 - *****updating a pets image with properties*******
2024-07-04 11:31:04.633 [main] INFO  api.pettests.PetTest2 - *****updating a pet with properties*******
2024-07-04 11:55:22.212 [main] INFO  api.pettests.PetTest2 - *****Adding a new pet with properties*******
2024-07-04 11:55:25.795 [main] INFO  api.pettests.PetTest2 - *****getting a pet by id with properties*******
2024-07-04 11:55:27.244 [main] INFO  api.pettests.PetTest2 - *****getting a pet with status with properties*******
2024-07-04 11:55:29.077 [main] INFO  api.pettests.PetTest2 - *****deleting a new pet with properties*******
2024-07-04 11:55:30.518 [main] INFO  api.pettests.PetTest2 - *****updating a pet with form data with properties*******
2024-07-04 11:55:32.054 [main] INFO  api.pettests.PetTest2 - *****updating a pets image with properties*******
2024-07-04 11:56:03.902 [main] INFO  api.pettests.PetTest2 - *****updating a pet with properties*******
2024-07-04 12:12:56.221 [main] INFO  api.pettests.PetTest - ***adding a pet***********
2024-07-04 12:12:59.876 [main] INFO  api.pettests.PetTest - ***getting a pet by ID***********
2024-07-04 12:13:01.258 [main] INFO  api.pettests.PetTest - ***getting pets by status***********
2024-07-04 12:13:02.718 [main] INFO  api.pettests.PetTest - ***deleting a pet***********
2024-07-04 12:13:04.089 [main] INFO  api.pettests.PetTest - ***updating a pet with form data***********
2024-07-04 12:13:05.662 [main] INFO  api.pettests.PetTest - ***updating a pet image***********
2024-07-04 12:13:35.220 [main] INFO  api.pettests.PetTest - ***updating a pet***********
2024-07-04 12:13:36.805 [main] INFO  api.pettests.PetTest2 - *****Adding a new pet with properties*******
2024-07-04 12:13:38.144 [main] INFO  api.pettests.PetTest2 - *****getting a pet by id with properties*******
2024-07-04 12:13:39.556 [main] INFO  api.pettests.PetTest2 - *****getting a pet with status with properties*******
2024-07-04 12:13:41.102 [main] INFO  api.pettests.PetTest2 - *****deleting a new pet with properties*******
2024-07-04 12:13:42.626 [main] INFO  api.pettests.PetTest2 - *****updating a pet with form data with properties*******
2024-07-04 12:13:44.060 [main] INFO  api.pettests.PetTest2 - *****updating a pets image with properties*******
2024-07-04 12:14:03.310 [main] INFO  api.pettests.PetTest2 - *****updating a pet with properties*******
2024-07-04 12:17:46.416 [main] INFO  api.pettests.PetTest - ***adding a pet***********
2024-07-04 12:17:49.916 [main] INFO  api.pettests.PetTest - ***getting a pet by ID***********
2024-07-04 12:17:51.471 [main] INFO  api.pettests.PetTest - ***deleting a pet***********
2024-07-04 12:17:53.005 [main] INFO  api.pettests.PetTest - ***updating a pet with form data***********
2024-07-04 12:17:54.536 [main] INFO  api.pettests.PetTest - ***updating a pet image***********
2024-07-04 12:18:07.025 [main] INFO  api.pettests.PetTest - ***updating a pet***********
2024-07-04 12:18:08.589 [main] INFO  api.pettests.PetTest2 - *****Adding a new pet with properties*******
2024-07-04 12:18:09.932 [main] INFO  api.pettests.PetTest2 - *****getting a pet by id with properties*******
2024-07-04 12:18:11.541 [main] INFO  api.pettests.PetTest2 - *****deleting a new pet with properties*******
2024-07-04 12:18:13.079 [main] INFO  api.pettests.PetTest2 - *****updating a pet with form data with properties*******
2024-07-04 12:18:14.608 [main] INFO  api.pettests.PetTest2 - *****updating a pets image with properties*******
2024-07-04 12:18:53.519 [main] INFO  api.pettests.PetTest2 - *****updating a pet with properties*******
2024-07-04 13:22:52.102 [main] INFO  api.pettests.PetTest2 - *****Adding a new pet with properties*******
2024-07-04 13:22:56.495 [main] INFO  api.pettests.PetTest2 - *****getting a pet by id with properties*******
2024-07-04 13:22:58.009 [main] INFO  api.pettests.PetTest2 - *****deleting a new pet with properties*******
2024-07-04 13:22:59.317 [main] INFO  api.pettests.PetTest2 - *****updating a pet with form data with properties*******
2024-07-04 13:23:00.750 [main] INFO  api.pettests.PetTest2 - *****updating a pets image with properties*******
2024-07-04 13:23:24.066 [main] INFO  api.pettests.PetTest2 - *****updating a pet with properties*******
2024-07-04 13:23:25.851 [main] INFO  api.pettests.PetTest - ***adding a pet***********
2024-07-04 13:23:27.201 [main] INFO  api.pettests.PetTest - ***getting a pet by ID***********
2024-07-04 13:23:28.705 [main] INFO  api.pettests.PetTest - ***deleting a pet***********
2024-07-04 13:23:30.035 [main] INFO  api.pettests.PetTest - ***updating a pet with form data***********
2024-07-04 13:23:31.578 [main] INFO  api.pettests.PetTest - ***updating a pet image***********
2024-07-04 13:23:52.760 [main] INFO  api.pettests.PetTest - ***updating a pet***********
